[0.018s] Invoking command in '/home/teleop/project/teleop/build/franka_description': CONDA_PROMPT_MODIFIER=(teleop) /home/teleop/miniforge3/envs/teleop/bin/cmake /home/teleop/project/teleop/franka_description -DCATKIN_INSTALL_INTO_PREFIX_ROOT=0 -DCMAKE_INSTALL_PREFIX=/home/teleop/miniforge3/envs/teleop
[0.130s] -- The C compiler identification is GNU 13.3.0
[0.264s] -- The CXX compiler identification is GNU 13.3.0
[0.280s] -- Detecting C compiler ABI info
[0.382s] -- Detecting C compiler ABI info - done
[0.407s] -- Check for working C compiler: /home/teleop/miniforge3/envs/teleop/bin/x86_64-conda-linux-gnu-cc - skipped
[0.408s] -- Detecting C compile features
[0.408s] -- Detecting C compile features - done
[0.412s] -- Detecting CXX compiler ABI info
[0.529s] -- Detecting CXX compiler ABI info - done
[0.551s] -- Check for working CXX compiler: /home/teleop/miniforge3/envs/teleop/bin/x86_64-conda-linux-gnu-c++ - skipped
[0.551s] -- Detecting CXX compile features
[0.552s] -- Detecting CXX compile features - done
[0.572s] [31mCMake Error at CMakeLists.txt:4 (find_package):
[0.572s]   By not providing "Findcatkin.cmake" in CMAKE_MODULE_PATH this project has
[0.572s]   asked CMake to find a package configuration file provided by "catkin", but
[0.573s]   CMake did not find one.
[0.573s] 
[0.573s]   Could not find a package configuration file provided by "catkin" with any
[0.573s]   of the following names:
[0.573s] 
[0.573s]     catkinConfig.cmake
[0.573s]     catkin-config.cmake
[0.573s] 
[0.573s]   Add the installation prefix of "catkin" to CMAKE_PREFIX_PATH or set
[0.573s]   "catkin_DIR" to a directory containing one of the above files.  If "catkin"
[0.573s]   provides a separate development package or SDK, be sure it has been
[0.573s]   installed.
[0.574s] 
[0.574s] [0m
[0.576s] -- Configuring incomplete, errors occurred!
[0.576s] See also "/home/teleop/project/teleop/build/franka_description/CMakeFiles/CMakeOutput.log".
[0.580s] Invoked command in '/home/teleop/project/teleop/build/franka_description' returned '1': CONDA_PROMPT_MODIFIER=(teleop) /home/teleop/miniforge3/envs/teleop/bin/cmake /home/teleop/project/teleop/franka_description -DCATKIN_INSTALL_INTO_PREFIX_ROOT=0 -DCMAKE_INSTALL_PREFIX=/home/teleop/miniforge3/envs/teleop
